<?xml version="1.0" encoding="UTF-8"?>
<!-- Generated by org.testng.reporters.JUnitReportReporter -->
<testsuite hostname="AKASH-PC" failures="0" tests="4" name="testngtests.MetaGroupsTest" time="0.016" errors="0" timestamp="2021-12-16T15:35:55 IST" skipped="0">
  <testcase classname="testngtests.MetaGroupsTest" name="m2" time="0.003"/>
  <system-out/>
  <testcase classname="testngtests.MetaGroupsTest" name="m1" time="0.009"/>
  <system-out/>
  <testcase classname="testngtests.MetaGroupsTest" name="m3" time="0.002"/>
  <system-out/>
  <testcase classname="testngtests.MetaGroupsTest" name="m4" time="0.002"/>
  <system-out/>
</testsuite> <!-- testngtests.MetaGroupsTest -->
