<?xml version="1.0" encoding="UTF-8"?>
<!-- Generated by org.testng.reporters.JUnitReportReporter -->
<testsuite hostname="AKASH-PC" failures="0" tests="6" name="TestNggroup.CrossBrowsing" time="64.932" errors="0" timestamp="2021-12-17T16:14:33 IST" skipped="0">
  <testcase classname="TestNggroup.CrossBrowsing" name="navigateToPage" time="4.188"/>
  <system-out/>
  <testcase classname="TestNggroup.CrossBrowsing" name="navigateToPage" time="3.662"/>
  <system-out/>
  <testcase classname="TestNggroup.CrossBrowsing" name="CheckPageTitle" time="0.016"/>
  <system-out/>
  <testcase classname="TestNggroup.CrossBrowsing" name="CheckPageTitle" time="0.368"/>
  <system-out/>
  <testcase classname="TestNggroup.CrossBrowsing" name="login" time="15.923"/>
  <system-out/>
  <testcase classname="TestNggroup.CrossBrowsing" name="login" time="40.775"/>
  <system-out/>
</testsuite> <!-- TestNggroup.CrossBrowsing -->
