<?xml version="1.0" encoding="UTF-8"?>
<!-- Generated by org.testng.reporters.JUnitReportReporter -->
<testsuite hostname="AKASH-PC" failures="0" tests="1" name="TestNGPackage.TestClass2" time="0.010" errors="0" timestamp="2021-12-10T21:42:50 IST" skipped="0">
  <testcase classname="TestNGPackage.TestClass2" name="f" time="0.010"/>
  <system-out/>
</testsuite> <!-- TestNGPackage.TestClass2 -->
