<?xml version="1.0" encoding="UTF-8"?>
<!-- Generated by org.testng.reporters.JUnitReportReporter -->
<testsuite hostname="AKASH-PC" failures="0" tests="5" name="TestNGPackage.dependenceModule" time="0.131" errors="0" timestamp="2022-01-02T19:14:30 IST" skipped="0">
  <testcase classname="TestNGPackage.dependenceModule" name="launch" time="0.038"/>
  <system-out/>
  <testcase classname="TestNGPackage.dependenceModule" name="login" time="0.001"/>
  <system-out/>
  <testcase classname="TestNGPackage.dependenceModule" name="checkDetails" time="0.004"/>
  <system-out/>
  <testcase classname="TestNGPackage.dependenceModule" name="checkButton" time="0.085"/>
  <system-out/>
  <testcase classname="TestNGPackage.dependenceModule" name="clickbutton" time="0.003"/>
  <system-out/>
</testsuite> <!-- TestNGPackage.dependenceModule -->
