<?xml version="1.0" encoding="UTF-8"?>
<!-- Generated by org.testng.reporters.JUnitReportReporter -->
<testsuite hostname="AKASH-PC" failures="0" tests="5" name="TestNGPackage.timeOut" time="3.095" errors="1" timestamp="2022-01-02T19:14:30 IST" skipped="0">
  <testcase classname="TestNGPackage.timeOut" name="launch" time="3.068">
    <error message="Method TestNGPackage.timeOut.launch() didn&#039;t finish within the time-out 3000" type="org.testng.internal.thread.ThreadTimeoutException">
      <![CDATA[org.testng.internal.thread.ThreadTimeoutException: Method TestNGPackage.timeOut.launch() didn't finish within the time-out 3000
at org.testng.internal.MethodInvocationHelper.invokeWithTimeoutWithNoExecutor(MethodInvocationHelper.java:348)
at org.testng.internal.MethodInvocationHelper.invokeWithTimeout(MethodInvocationHelper.java:281)
at org.testng.internal.TestInvoker.invokeMethod(TestInvoker.java:604)
at org.testng.internal.TestInvoker.invokeTestMethod(TestInvoker.java:173)
at org.testng.internal.MethodRunner.runInSequence(MethodRunner.java:46)
at org.testng.internal.TestInvoker$MethodInvocationAgent.invoke(TestInvoker.java:824)
at org.testng.internal.TestInvoker.invokeTestMethods(TestInvoker.java:146)
at org.testng.internal.TestMethodWorker.invokeTestMethods(TestMethodWorker.java:146)
at org.testng.internal.TestMethodWorker.run(TestMethodWorker.java:128)
at java.base/java.util.concurrent.ThreadPoolExecutor.runWorker(ThreadPoolExecutor.java:1128)
at java.base/java.util.concurrent.ThreadPoolExecutor$Worker.run(ThreadPoolExecutor.java:628)
at java.base/java.lang.Thread.run(Thread.java:834)
]]>
    </error>
  </testcase> <!-- launch -->
  <system-out/>
  <testcase classname="TestNGPackage.timeOut" name="login" time="0.001"/>
  <system-out/>
  <testcase classname="TestNGPackage.timeOut" name="checkDetails" time="0.021"/>
  <system-out/>
  <testcase classname="TestNGPackage.timeOut" name="checkButton" time="0.002"/>
  <system-out/>
  <testcase classname="TestNGPackage.timeOut" name="clickbutton" time="0.003"/>
  <system-out/>
</testsuite> <!-- TestNGPackage.timeOut -->
