<?xml version="1.0" encoding="UTF-8"?>
<!-- Generated by org.testng.reporters.JUnitReportReporter -->
<testsuite hostname="AKASH-PC" failures="0" tests="7" name="TestNGPackage.inocationCounts" time="0.042" errors="0" timestamp="2022-01-02T19:14:30 IST" skipped="0">
  <testcase classname="TestNGPackage.inocationCounts" name="login" time="0.032"/>
  <system-out/>
  <testcase classname="TestNGPackage.inocationCounts" name="launch" time="0.001"/>
  <system-out/>
  <testcase classname="TestNGPackage.inocationCounts" name="launch" time="0.001"/>
  <system-out/>
  <testcase classname="TestNGPackage.inocationCounts" name="launch" time="0.001"/>
  <system-out/>
  <testcase classname="TestNGPackage.inocationCounts" name="checkDetails" time="0.001"/>
  <system-out/>
  <testcase classname="TestNGPackage.inocationCounts" name="checkButton" time="0.004"/>
  <system-out/>
  <testcase classname="TestNGPackage.inocationCounts" name="checktab" time="0.002"/>
  <system-out/>
</testsuite> <!-- TestNGPackage.inocationCounts -->
