<?xml version="1.0" encoding="UTF-8"?>
<!-- Generated by org.testng.reporters.JUnitReportReporter -->
<testsuite hostname="AKASH-PC" failures="0" tests="2" name="log4jConcept.login" time="0.307" errors="0" timestamp="2022-01-24T20:50:06 IST" skipped="0">
  <testcase classname="log4jConcept.login" name="validatURL" time="0.181"/>
  <system-out/>
  <testcase classname="log4jConcept.login" name="validatTitle" time="0.126"/>
  <system-out/>
</testsuite> <!-- log4jConcept.login -->
