<?xml version="1.0" encoding="UTF-8"?>
<!-- Generated by org.testng.reporters.JUnitReportReporter -->
<testsuite hostname="AKASH-PC" failures="0" tests="2" name="TestNGPackage.TestClass3" time="0.005" errors="0" timestamp="2021-12-15T17:43:19 IST" skipped="0">
  <testcase classname="TestNGPackage.TestClass3" name="login" time="0.002"/>
  <system-out/>
  <testcase classname="TestNGPackage.TestClass3" name="navigate" time="0.003"/>
  <system-out/>
</testsuite> <!-- TestNGPackage.TestClass3 -->
