<?xml version="1.0" encoding="UTF-8"?>
<!-- Generated by org.testng.reporters.JUnitReportReporter -->
<testsuite hostname="AKASH-PC" failures="0" tests="5" name="TestNggroup.DataProviderParameter" time="0.033" errors="0" timestamp="2022-01-17T20:41:47 IST" skipped="0">
  <testcase classname="TestNggroup.DataProviderParameter" name="login" time="0.005"/>
  <system-out/>
  <testcase classname="TestNggroup.DataProviderParameter" name="login" time="0.015"/>
  <system-out/>
  <testcase classname="TestNggroup.DataProviderParameter" name="login" time="0.002"/>
  <system-out/>
  <testcase classname="TestNggroup.DataProviderParameter" name="login" time="0.005"/>
  <system-out/>
  <testcase classname="TestNggroup.DataProviderParameter" name="login" time="0.006"/>
  <system-out/>
</testsuite> <!-- TestNggroup.DataProviderParameter -->
