<?xml version="1.0" encoding="UTF-8"?>
<!-- Generated by org.testng.reporters.JUnitReportReporter -->
<testsuite hostname="AKASH-PC" failures="0" tests="5" name="TestNGPackage.priority1" time="0.028" errors="0" timestamp="2021-12-13T15:40:55 IST" skipped="0">
  <testcase classname="TestNGPackage.priority1" name="launch" time="0.012"/>
  <system-out/>
  <testcase classname="TestNGPackage.priority1" name="login" time="0.002"/>
  <system-out/>
  <testcase classname="TestNGPackage.priority1" name="checkDetails" time="0.006"/>
  <system-out/>
  <testcase classname="TestNGPackage.priority1" name="checkButton" time="0.003"/>
  <system-out/>
  <testcase classname="TestNGPackage.priority1" name="clickbutton" time="0.005"/>
  <system-out/>
</testsuite> <!-- TestNGPackage.priority1 -->
