<?xml version="1.0" encoding="UTF-8"?>
<!-- Generated by org.testng.reporters.JUnitReportReporter -->
<testsuite hostname="AKASH-PC" failures="0" tests="2" name="Pom.LoginTestClass" time="7.676" errors="0" timestamp="2021-12-22T22:58:06 IST" skipped="0">
  <testcase classname="Pom.LoginTestClass" name="navigate" time="5.783"/>
  <system-out/>
  <testcase classname="Pom.LoginTestClass" name="login" time="1.893"/>
  <system-out/>
</testsuite> <!-- Pom.LoginTestClass -->
