<?xml version="1.0" encoding="UTF-8"?>
<!-- Generated by org.testng.reporters.JUnitReportReporter -->
<testsuite hostname="AKASH-PC" failures="0" tests="3" name="TestNGPackage.groupingConcept" time="0.021" errors="0" timestamp="2021-12-17T08:58:31 IST" skipped="0">
  <testcase classname="TestNGPackage.groupingConcept" name="testCase3" time="0.004"/>
  <system-out/>
  <testcase classname="TestNGPackage.groupingConcept" name="testCase1" time="0.015"/>
  <system-out/>
  <testcase classname="TestNGPackage.groupingConcept" name="testCase2" time="0.002"/>
  <system-out/>
</testsuite> <!-- TestNGPackage.groupingConcept -->
