<?xml version="1.0" encoding="UTF-8"?>
<!-- Generated by org.testng.reporters.JUnitReportReporter -->
<testsuite hostname="AKASH-PC" failures="0" tests="4" name="TestNggroup.DataProvide" time="0.027" errors="0" timestamp="2021-12-17T09:12:13 IST" skipped="0">
  <testcase classname="TestNggroup.DataProvide" name="login" time="0.010"/>
  <system-out/>
  <testcase classname="TestNggroup.DataProvide" name="login" time="0.007"/>
  <system-out/>
  <testcase classname="TestNggroup.DataProvide" name="login" time="0.007"/>
  <system-out/>
  <testcase classname="TestNggroup.DataProvide" name="login" time="0.003"/>
  <system-out/>
</testsuite> <!-- TestNggroup.DataProvide -->
