<?xml version="1.0" encoding="UTF-8"?>
<!-- Generated by org.testng.reporters.JUnitReportReporter -->
<testsuite hostname="AKASH-PC" failures="0" tests="3" name="TestNGPackage.enable" time="0.100" errors="0" timestamp="2022-01-02T19:14:30 IST" skipped="1">
  <testcase classname="TestNGPackage.enable" name="launch" time="0.027"/>
  <system-out/>
  <testcase classname="TestNGPackage.enable" name="clickbutton" time="0.073"/>
  <system-out/>
  <testcase classname="TestNGPackage.enable" name="checkDetails">
    <skipped/>
  </testcase> <!-- checkDetails -->
  <system-out/>
</testsuite> <!-- TestNGPackage.enable -->
