<?xml version="1.0" encoding="UTF-8"?>
<!-- Generated by org.testng.reporters.JUnitReportReporter -->
<testsuite hostname="AKASH-PC" failures="0" tests="1" name="TestNGPackage.order" time="0.014" errors="0" timestamp="2022-01-02T19:24:34 IST" skipped="0">
  <testcase classname="TestNGPackage.order" name="f" time="0.014"/>
  <system-out/>
</testsuite> <!-- TestNGPackage.order -->
