<?xml version="1.0" encoding="UTF-8"?>
<!-- Generated by org.testng.reporters.JUnitReportReporter -->
<testsuite hostname="AKASH-PC" failures="0" tests="2" name="log4jConcept.login" time="0.118" errors="0" timestamp="2022-01-24T14:11:41 IST" skipped="0">
  <testcase classname="log4jConcept.login" name="validatTitle" time="0.101"/>
  <system-out/>
  <testcase classname="log4jConcept.login" name="validatURL" time="0.017"/>
  <system-out/>
</testsuite> <!-- log4jConcept.login -->
