<?xml version="1.0" encoding="UTF-8"?>
<!-- Generated by org.testng.reporters.JUnitReportReporter -->
<testsuite hostname="AKASH-PC" failures="0" tests="1" name="log4jConceptAndExtentReports.ExtentDemo" time="5.506" errors="0" timestamp="2022-01-26T16:54:14 IST" skipped="0">
  <testcase classname="log4jConceptAndExtentReports.ExtentDemo" name="extentReportsDemo" time="5.506"/>
  <system-out/>
</testsuite> <!-- log4jConceptAndExtentReports.ExtentDemo -->
