<?xml version="1.0" encoding="UTF-8"?>
<!-- Generated by org.testng.reporters.JUnitReportReporter -->
<testsuite hostname="AKASH-PC" failures="0" tests="3" name="TestNGPackage.MyFirstTestClass" time="0.009" errors="0" timestamp="2021-12-15T17:43:19 IST" skipped="0">
  <testcase classname="TestNGPackage.MyFirstTestClass" name="testCase1" time="0.003"/>
  <system-out/>
  <testcase classname="TestNGPackage.MyFirstTestClass" name="testCase2" time="0.003"/>
  <system-out/>
  <testcase classname="TestNGPackage.MyFirstTestClass" name="testCase3" time="0.003"/>
  <system-out/>
</testsuite> <!-- TestNGPackage.MyFirstTestClass -->
