<?xml version="1.0" encoding="UTF-8"?>
<!-- Generated by org.testng.reporters.JUnitReportReporter -->
<testsuite hostname="AKASH-PC" failures="0" tests="4" name="TestNggroup.MetaGroupsTest" time="0.033" errors="0" timestamp="2022-01-07T21:16:09 IST" skipped="0">
  <testcase classname="TestNggroup.MetaGroupsTest" name="m1" time="0.018"/>
  <system-out/>
  <testcase classname="TestNggroup.MetaGroupsTest" name="m3" time="0.001"/>
  <system-out/>
  <testcase classname="TestNggroup.MetaGroupsTest" name="m4" time="0.010"/>
  <system-out/>
  <testcase classname="TestNggroup.MetaGroupsTest" name="m2" time="0.004"/>
  <system-out/>
</testsuite> <!-- TestNggroup.MetaGroupsTest -->
