<?xml version="1.0" encoding="UTF-8"?>
<!-- Generated by org.testng.reporters.JUnitReportReporter -->
<testsuite hostname="AKASH-PC" failures="0" tests="2" name="TestNGPackage.groupingConcpt" time="0.006" errors="0" timestamp="2021-12-17T08:58:31 IST" skipped="0">
  <testcase classname="TestNGPackage.groupingConcpt" name="login" time="0.003"/>
  <system-out/>
  <testcase classname="TestNGPackage.groupingConcpt" name="navigate" time="0.003"/>
  <system-out/>
</testsuite> <!-- TestNGPackage.groupingConcpt -->
