<?xml version="1.0" encoding="UTF-8"?>
<!-- Generated by org.testng.reporters.JUnitReportReporter -->
<testsuite hostname="AKASH-PC" failures="0" tests="2" name="advanceHandling.fileDownloadingInChrome" time="39.139" errors="0" timestamp="2022-01-18T21:00:34 IST" skipped="1">
  <testcase classname="advanceHandling.fileDownloadingInChrome" name="DownloadFileWithoutAnyToolForFireFox" time="39.139"/>
  <system-out/>
  <testcase classname="advanceHandling.fileDownloadingInChrome" name="DownloadFileWithoutAnyTool">
    <skipped/>
  </testcase> <!-- DownloadFileWithoutAnyTool -->
  <system-out/>
</testsuite> <!-- advanceHandling.fileDownloadingInChrome -->
