<?xml version="1.0" encoding="UTF-8"?>
<!-- Generated by org.testng.reporters.JUnitReportReporter -->
<testsuite hostname="AKASH-PC" failures="0" tests="2" name="log4jConceptAndExtentReports.TestClass" time="20.048" errors="0" timestamp="2022-01-26T17:04:45 IST" skipped="0">
  <testcase classname="log4jConceptAndExtentReports.TestClass" name="verifyorder" time="10.014"/>
  <system-out/>
  <testcase classname="log4jConceptAndExtentReports.TestClass" name="verifydashboard" time="10.034"/>
  <system-out/>
</testsuite> <!-- log4jConceptAndExtentReports.TestClass -->
