<?xml version="1.0" encoding="UTF-8"?>
<!-- Generated by org.testng.reporters.JUnitReportReporter -->
<testsuite hostname="AKASH-PC" failures="0" tests="5" name="TestNGPackage.descriptions" time="0.025" errors="0" timestamp="2021-12-16T13:52:52 IST" skipped="0">
  <testcase classname="TestNGPackage.descriptions" name="launch" time="0.002"/>
  <system-out/>
  <testcase classname="TestNGPackage.descriptions" name="login" time="0.007"/>
  <system-out/>
  <testcase classname="TestNGPackage.descriptions" name="checkDetails" time="0.006"/>
  <system-out/>
  <testcase classname="TestNGPackage.descriptions" name="checkButton" time="0.006"/>
  <system-out/>
  <testcase classname="TestNGPackage.descriptions" name="clickbutton" time="0.004"/>
  <system-out/>
</testsuite> <!-- TestNGPackage.descriptions -->
