<?xml version="1.0" encoding="UTF-8"?>
<!-- Generated by org.testng.reporters.JUnitReportReporter -->
<testsuite hostname="AKASH-PC" failures="0" tests="5" name="TestNGPackage.Priority" time="0.145" errors="0" timestamp="2022-01-02T19:25:29 IST" skipped="0">
  <testcase classname="TestNGPackage.Priority" name="launch" time="0.043"/>
  <system-out/>
  <testcase classname="TestNGPackage.Priority" name="checkDetails" time="0.023"/>
  <system-out/>
  <testcase classname="TestNGPackage.Priority" name="login" time="0.024"/>
  <system-out/>
  <testcase classname="TestNGPackage.Priority" name="checkButton" time="0.020"/>
  <system-out/>
  <testcase classname="TestNGPackage.Priority" name="clickbutton" time="0.035"/>
  <system-out/>
</testsuite> <!-- TestNGPackage.Priority -->
